# JRE version: OpenJDK Runtime Environment (8.0_131-b11) (build 1.8.0_131-8u131-b11-2ubuntu1.16.04.3-b11)
# Java VM: OpenJDK 64-Bit Server VM (25.131-b11 mixed mode linux-amd64 compressed oops)
Heap:
 PSYoungGen      total 553984K, used 61942K [0x000000076ab00000, 0x00000007a9100000, 0x00000007c0000000)
  eden space 126976K, 0% used [0x000000076ab00000,0x000000076ab00000,0x0000000772700000)
  from space 427008K, 14% used [0x000000078f000000,0x0000000792c7d878,0x00000007a9100000)
  to   space 447488K, 0% used [0x0000000772700000,0x0000000772700000,0x000000078dc00000)
 ParOldGen       total 1307136K, used 1306740K [0x00000006c0000000, 0x000000070fc80000, 0x000000076ab00000)
  object space 1307136K, 99% used [0x00000006c0000000,0x000000070fc1d098,0x000000070fc80000)
 Metaspace       used 18158K, capacity 18572K, committed 18688K, reserved 1064960K
  class space    used 2391K, capacity 2508K, committed 2560K, reserved 1048576K
GC Heap History (10 events):
Event: 20.541 GC heap after
Heap after GC invocations=26 (full 5):
 PSYoungGen      total 478720K, used 329824K [0x000000076ab00000, 0x00000007a3f80000, 0x00000007c0000000)
  eden space 143872K, 0% used [0x000000076ab00000,0x000000076ab00000,0x0000000773780000)
  from space 334848K, 98% used [0x0000000773780000,0x0000000787998030,0x0000000787e80000)
  to   space 384000K, 0% used [0x000000078c880000,0x000000078c880000,0x00000007a3f80000)
 ParOldGen       total 909824K, used 762333K [0x00000006c0000000, 0x00000006f7880000, 0x000000076ab00000)
  object space 909824K, 83% used [0x00000006c0000000,0x00000006ee8775f0,0x00000006f7880000)
 Metaspace       used 18158K, capacity 18572K, committed 18688K, reserved 1064960K
  class space    used 2391K, capacity 2508K, committed 2560K, reserved 1048576K
}
Event: 21.375 GC heap before
{Heap before GC invocations=27 (full 5):
 PSYoungGen      total 478720K, used 473696K [0x000000076ab00000, 0x00000007a3f80000, 0x00000007c0000000)
  eden space 143872K, 100% used [0x000000076ab00000,0x0000000773780000,0x0000000773780000)
  from space 334848K, 98% used [0x0000000773780000,0x0000000787998030,0x0000000787e80000)
  to   space 384000K, 0% used [0x000000078c880000,0x000000078c880000,0x00000007a3f80000)
 ParOldGen       total 909824K, used 762333K [0x00000006c0000000, 0x00000006f7880000, 0x000000076ab00000)
  object space 909824K, 83% used [0x00000006c0000000,0x00000006ee8775f0,0x00000006f7880000)
 Metaspace       used 18158K, capacity 18572K, committed 18688K, reserved 1064960K
  class space    used 2391K, capacity 2508K, committed 2560K, reserved 1048576K
Event: 21.719 GC heap after
Heap after GC invocations=27 (full 5):
 PSYoungGen      total 488448K, used 383968K [0x000000076ab00000, 0x00000007ac100000, 0x00000007c0000000)
  eden space 104448K, 0% used [0x000000076ab00000,0x000000076ab00000,0x0000000771100000)
  from space 384000K, 99% used [0x000000078c880000,0x00000007a3f78030,0x00000007a3f80000)
  to   space 450048K, 0% used [0x0000000771100000,0x0000000771100000,0x000000078c880000)
 ParOldGen       total 909824K, used 779549K [0x00000006c0000000, 0x00000006f7880000, 0x000000076ab00000)
  object space 909824K, 85% used [0x00000006c0000000,0x00000006ef9475f0,0x00000006f7880000)
 Metaspace       used 18158K, capacity 18572K, committed 18688K, reserved 1064960K
  class space    used 2391K, capacity 2508K, committed 2560K, reserved 1048576K
}
Event: 22.018 GC heap before
{Heap before GC invocations=28 (full 5):
 PSYoungGen      total 488448K, used 488416K [0x000000076ab00000, 0x00000007ac100000, 0x00000007c0000000)
  eden space 104448K, 100% used [0x000000076ab00000,0x0000000771100000,0x0000000771100000)
  from space 384000K, 99% used [0x000000078c880000,0x00000007a3f78030,0x00000007a3f80000)
  to   space 450048K, 0% used [0x0000000771100000,0x0000000771100000,0x000000078c880000)
 ParOldGen       total 909824K, used 779549K [0x00000006c0000000, 0x00000006f7880000, 0x000000076ab00000)
  object space 909824K, 85% used [0x00000006c0000000,0x00000006ef9475f0,0x00000006f7880000)
 Metaspace       used 18158K, capacity 18572K, committed 18688K, reserved 1064960K
  class space    used 2391K, capacity 2508K, committed 2560K, reserved 1048576K
Event: 28.414 GC heap after
Heap after GC invocations=28 (full 5):
 PSYoungGen      total 554496K, used 312704K [0x000000076ab00000, 0x00000007ab700000, 0x00000007c0000000)
  eden space 104448K, 0% used [0x000000076ab00000,0x000000076ab00000,0x0000000771100000)
  from space 450048K, 69% used [0x0000000771100000,0x0000000784260020,0x000000078c880000)
  to   space 465920K, 0% used [0x000000078f000000,0x000000078f000000,0x00000007ab700000)
 ParOldGen       total 909824K, used 903261K [0x00000006c0000000, 0x00000006f7880000, 0x000000076ab00000)
  object space 909824K, 99% used [0x00000006c0000000,0x00000006f7217600,0x00000006f7880000)
 Metaspace       used 18158K, capacity 18572K, committed 18688K, reserved 1064960K
  class space    used 2391K, capacity 2508K, committed 2560K, reserved 1048576K
}
Event: 28.425 GC heap before
{Heap before GC invocations=29 (full 6):
 PSYoungGen      total 554496K, used 312704K [0x000000076ab00000, 0x00000007ab700000, 0x00000007c0000000)
  eden space 104448K, 0% used [0x000000076ab00000,0x000000076ab00000,0x0000000771100000)
  from space 450048K, 69% used [0x0000000771100000,0x0000000784260020,0x000000078c880000)
  to   space 465920K, 0% used [0x000000078f000000,0x000000078f000000,0x00000007ab700000)
 ParOldGen       total 909824K, used 903261K [0x00000006c0000000, 0x00000006f7880000, 0x000000076ab00000)
  object space 909824K, 99% used [0x00000006c0000000,0x00000006f7217600,0x00000006f7880000)
 Metaspace       used 18158K, capacity 18572K, committed 18688K, reserved 1064960K
  class space    used 2391K, capacity 2508K, committed 2560K, reserved 1048576K
Event: 31.661 GC heap after
Heap after GC invocations=29 (full 6):
 PSYoungGen      total 554496K, used 267268K [0x000000076ab00000, 0x00000007ab700000, 0x00000007c0000000)
  eden space 104448K, 0% used [0x000000076ab00000,0x000000076ab00000,0x0000000771100000)
  from space 450048K, 59% used [0x0000000771100000,0x00000007816013a0,0x000000078c880000)
  to   space 465920K, 0% used [0x000000078f000000,0x000000078f000000,0x00000007ab700000)
 ParOldGen       total 1216512K, used 896519K [0x00000006c0000000, 0x000000070a400000, 0x000000076ab00000)
  object space 1216512K, 73% used [0x00000006c0000000,0x00000006f6b81cf0,0x000000070a400000)
 Metaspace       used 18158K, capacity 18572K, committed 18688K, reserved 1064960K
  class space    used 2391K, capacity 2508K, committed 2560K, reserved 1048576K
}
Event: 33.933 GC heap before
{Heap before GC invocations=30 (full 6):
 PSYoungGen      total 554496K, used 371716K [0x000000076ab00000, 0x00000007ab700000, 0x00000007c0000000)
  eden space 104448K, 100% used [0x000000076ab00000,0x0000000771100000,0x0000000771100000)
  from space 450048K, 59% used [0x0000000771100000,0x00000007816013a0,0x000000078c880000)
  to   space 465920K, 0% used [0x000000078f000000,0x000000078f000000,0x00000007ab700000)
 ParOldGen       total 1216512K, used 896519K [0x00000006c0000000, 0x000000070a400000, 0x000000076ab00000)
  object space 1216512K, 73% used [0x00000006c0000000,0x00000006f6b81cf0,0x000000070a400000)
 Metaspace       used 18158K, capacity 18572K, committed 18688K, reserved 1064960K
  class space    used 2391K, capacity 2508K, committed 2560K, reserved 1048576K
Event: 34.396 GC heap after
Heap after GC invocations=30 (full 6):
 PSYoungGen      total 553984K, used 175328K [0x000000076ab00000, 0x00000007a9100000, 0x00000007c0000000)
  eden space 126976K, 0% used [0x000000076ab00000,0x000000076ab00000,0x0000000772700000)
  from space 427008K, 41% used [0x000000078f000000,0x0000000799b38000,0x00000007a9100000)
  to   space 447488K, 0% used [0x0000000772700000,0x0000000772700000,0x000000078dc00000)
 ParOldGen       total 1216512K, used 1041063K [0x00000006c0000000, 0x000000070a400000, 0x000000076ab00000)
  object space 1216512K, 85% used [0x00000006c0000000,0x00000006ff8a9d00,0x000000070a400000)
 Metaspace       used 18158K, capacity 18572K, committed 18688K, reserved 1064960K
  class space    used 2391K, capacity 2508K, committed 2560K, reserved 1048576K
}
Event: 36.798 GC heap before
{Heap before GC invocations=31 (full 7):
 PSYoungGen      total 553984K, used 302304K [0x000000076ab00000, 0x00000007a9100000, 0x00000007c0000000)
  eden space 126976K, 100% used [0x000000076ab00000,0x0000000772700000,0x0000000772700000)
  from space 427008K, 41% used [0x000000078f000000,0x0000000799b38000,0x00000007a9100000)
  to   space 447488K, 0% used [0x0000000772700000,0x0000000772700000,0x000000078dc00000)
 ParOldGen       total 1307136K, used 1221287K [0x00000006c0000000, 0x000000070fc80000, 0x000000076ab00000)
  object space 1307136K, 93% used [0x00000006c0000000,0x000000070a8a9d20,0x000000070fc80000)
 Metaspace       used 18158K, capacity 18572K, committed 18688K, reserved 1064960K
  class space    used 2391K, capacity 2508K, committed 2560K, reserved 1048576K

